[16:59:41] [Server thread/INFO]: Starting minecraft server version 1.8.8
[16:59:41] [Server thread/INFO]: Loading properties
[16:59:41] [Server thread/INFO]: Default game type: SURVIVAL
[16:59:41] [Server thread/INFO]: This server is running CraftBukkit version git-PaperSpigot-445 (MC: 1.8.8) (Implementing API version 1.8.8-R0.1-SNAPSHOT)
[16:59:41] [Server thread/INFO]: Debug logging is disabled
[16:59:41] [Server thread/INFO]: Spigot Timings: true - Verbose: true - Interval: 5m - Length: 60m
[16:59:41] [Server thread/INFO]: Server Ping Player Sample Count: 12

[16:59:41] [Server thread/INFO]: Using 4 threads for Netty based IO
[16:59:41] [Server thread/INFO]: Data value allowed items: 
[16:59:41] [Server thread/WARN]: java.lang.NoSuchFieldException: modifiers

[16:59:41] [Server thread/WARN]: 	at java.base/java.lang.Class.getDeclaredField(Class.java:2782)

[16:59:41] [Server thread/WARN]: 	at org.github.paperspigot.PaperSpigotConfig.stackableBuckets(PaperSpigotConfig.java:192)

[16:59:41] [Server thread/WARN]: 	at java.base/jdk.internal.reflect.DirectMethodHandleAccessor.invoke(DirectMethodHandleAccessor.java:103)

[16:59:41] [Server thread/WARN]: 	at java.base/java.lang.reflect.Method.invoke(Method.java:580)

[16:59:41] [Server thread/WARN]: 	at org.github.paperspigot.PaperSpigotConfig.readConfig(PaperSpigotConfig.java:84)

[16:59:41] [Server thread/WARN]: 	at org.github.paperspigot.PaperSpigotConfig.init(PaperSpigotConfig.java:62)

[16:59:41] [Server thread/WARN]: 	at net.minecraft.server.v1_8_R3.DedicatedServer.init(DedicatedServer.java:181)

[16:59:41] [Server thread/WARN]: 	at net.minecraft.server.v1_8_R3.MinecraftServer.run(MinecraftServer.java:563)

[16:59:41] [Server thread/WARN]: 	at java.base/java.lang.Thread.run(Thread.java:1583)

[16:59:41] [Server thread/INFO]: Generating keypair
[16:59:41] [Server thread/INFO]: Starting Minecraft server on localhost:25565
[16:59:41] [Server thread/INFO]: Your platform does not provide complete low-level API for accessing direct buffers reliably. Unless explicitly requested, heap buffer will always be preferred to avoid potential system unstability.
[16:59:41] [Server thread/INFO]: Using default channel type
[16:59:42] [Server thread/INFO]: Set PluginClassLoader as parallel capable
[16:59:42] [Server thread/INFO]: [SimpleTpa] Loading SimpleTpa v6.4
[16:59:42] [Server thread/INFO]: [WorldEdit] Loading WorldEdit v6.1;no_git_id
[16:59:42] [Server thread/INFO]: [freemannlifesteal] Loading freemannlifesteal v1.0
[16:59:42] [Server thread/INFO]: [LoginSecurity] Loading LoginSecurity v3.2.0
[16:59:42] [Server thread/INFO]: [CrazyAuctionsPlus] Loading CrazyAuctionsPlus v1.3.3.0
[16:59:42] [Server thread/INFO]: [SimpleHomes] Loading SimpleHomes v2.2
[16:59:42] [Server thread/INFO]: [Vault] Loading Vault v1.5.6-b49
[16:59:42] [Server thread/INFO]: [WorldGuard] Loading WorldGuard v6.1.3-SNAPSHOT;c904242
[16:59:42] [Server thread/INFO]: [Essentials] Loading Essentials v2.21.0
[16:59:42] [Server thread/INFO]: [EssentialsChat] Loading EssentialsChat v2.21.0
[16:59:42] [Server thread/INFO]: [EssentialsAntiBuild] Loading EssentialsAntiBuild v2.21.0
[16:59:42] [Server thread/INFO]: [EconomyShopGUI] Loading EconomyShopGUI v6.12.1
[16:59:42] [Server thread/INFO]: [EssentialsSpawn] Loading EssentialsSpawn v2.21.0
[16:59:42] [Server thread/INFO]: [EssentialsProtect] Loading EssentialsProtect v2.21.0
[16:59:42] [Server thread/INFO]: [Vault] Enabling Vault v1.5.6-b49
[16:59:42] [Server thread/INFO]: [Vault] [Economy] Essentials Economy found: Waiting
[16:59:42] [Server thread/INFO]: [Vault] [Permission] SuperPermissions loaded as backup permission system.
[16:59:42] [Server thread/INFO]: [Vault] Enabled Version 1.5.6-b49
[16:59:42] [Server thread/WARN]: **** SERVER IS RUNNING IN OFFLINE/INSECURE MODE!
[16:59:42] [Server thread/WARN]: The server will make no attempt to authenticate usernames. Beware.
[16:59:42] [Server thread/WARN]: Whilst this makes it possible to use BungeeCord, unless access to your server is properly restricted, it also opens up the ability for hackers to connect with any username they choose.
[16:59:42] [Server thread/WARN]: Please see http://www.spigotmc.org/wiki/firewall-guide/ for further information.
[16:59:42] [Server thread/WARN]: To change this, set "online-mode" to "true" in the server.properties file.
[16:59:42] [Server thread/INFO]: **** Beginning UUID conversion, this may take A LONG time ****
[16:59:42] [Server thread/INFO]: Preparing level "world"
[16:59:42] [Server thread/INFO]: -------- World Settings For [world] --------
[16:59:42] [Server thread/INFO]: Mob Spawn Range: 4
[16:59:42] [Server thread/INFO]: Nerfing mobs spawned from spawners: false
[16:59:42] [Server thread/INFO]: Cactus Growth Modifier: 100%
[16:59:42] [Server thread/INFO]: Cane Growth Modifier: 100%
[16:59:42] [Server thread/INFO]: Melon Growth Modifier: 100%
[16:59:42] [Server thread/INFO]: Mushroom Growth Modifier: 100%
[16:59:42] [Server thread/INFO]: Pumpkin Growth Modifier: 100%
[16:59:42] [Server thread/INFO]: Sapling Growth Modifier: 100%
[16:59:42] [Server thread/INFO]: Wheat Growth Modifier: 100%
[16:59:42] [Server thread/INFO]: NetherWart Growth Modifier: 100%
[16:59:42] [Server thread/INFO]: Entity Activation Range: An 32 / Mo 32 / Mi 16
[16:59:42] [Server thread/INFO]: Entity Tracking Range: Pl 48 / An 48 / Mo 48 / Mi 32 / Other 64
[16:59:42] [Server thread/INFO]: Hopper Transfer: 8 Hopper Check: 8 Hopper Amount: 1
[16:59:42] [Server thread/INFO]: Random Lighting Updates: false
[16:59:42] [Server thread/INFO]: Structure Info Saving: true
[16:59:42] [Server thread/INFO]: Sending up to 10 chunks per packet
[16:59:42] [Server thread/INFO]: Max Entity Collisions: 8
[16:59:42] [Server thread/INFO]: Custom Map Seeds:  Village: 10387312 Feature: 14357617
[16:59:42] [Server thread/INFO]: Max TNT Explosions: 100
[16:59:42] [Server thread/INFO]: Tile Max Tick Time: 50ms Entity max Tick Time: 50ms
[16:59:42] [Server thread/INFO]: Item Despawn Rate: 6000
[16:59:42] [Server thread/INFO]: Item Merge Radius: 2.5
[16:59:42] [Server thread/INFO]: Arrow Despawn Rate: 1200
[16:59:42] [Server thread/INFO]: Allow Zombie Pigmen to spawn from portal blocks: true
[16:59:42] [Server thread/INFO]: View Distance: 4
[16:59:42] [Server thread/INFO]: Zombie Aggressive Towards Villager: true
[16:59:42] [Server thread/INFO]: Anti X-Ray: true
[16:59:42] [Server thread/INFO]: 	Engine Mode: 1
[16:59:42] [Server thread/INFO]: 	Hidden Blocks: [14, 15, 16, 21, 48, 49, 54, 56, 73, 74, 82, 129, 130]
[16:59:42] [Server thread/INFO]: 	Replace Blocks: [1, 5]
[16:59:42] [Server thread/INFO]: Chunks to Grow per Tick: 650
[16:59:42] [Server thread/INFO]: Clear tick list: false
[16:59:42] [Server thread/INFO]: Experience Merge Radius: 3.0
[16:59:42] [Server thread/INFO]: -------- World Settings For [world] --------
[16:59:42] [Server thread/INFO]: Max height for cactus growth 3. Max height for reed growth 3
[16:59:42] [Server thread/INFO]: Living Entity Despawn Ranges:  Soft: 32 Hard: 128
[16:59:42] [Server thread/INFO]: Remove invalid mob spawner tile entities: true
[16:59:42] [Server thread/INFO]: Squids will spawn between Y: 45.0 and Y: 63.0
[16:59:42] [Server thread/INFO]: Player blocking damage multiplier set to 0.5
[16:59:42] [Server thread/INFO]: Water over lava flow speed: 5
[16:59:42] [Server thread/INFO]: Fix TNT cannons: false
[16:59:42] [Server thread/INFO]: Allow undead horse types to be leashed: false
[16:59:42] [Server thread/INFO]: Keep spawn chunk loaded: true
[16:59:42] [Server thread/INFO]: World async lighting: false
[16:59:42] [Server thread/INFO]: WorldServer TickNextTick cap set at 10000
[16:59:42] [Server thread/INFO]: WorldServer TickNextTickList cap always processes redstone: false
[16:59:42] [Server thread/INFO]: -------- World Settings For [world_nether] --------
[16:59:42] [Server thread/INFO]: Mob Spawn Range: 4
[16:59:42] [Server thread/INFO]: Nerfing mobs spawned from spawners: false
[16:59:42] [Server thread/INFO]: Cactus Growth Modifier: 100%
[16:59:42] [Server thread/INFO]: Cane Growth Modifier: 100%
[16:59:42] [Server thread/INFO]: Melon Growth Modifier: 100%
[16:59:42] [Server thread/INFO]: Mushroom Growth Modifier: 100%
[16:59:42] [Server thread/INFO]: Pumpkin Growth Modifier: 100%
[16:59:42] [Server thread/INFO]: Sapling Growth Modifier: 100%
[16:59:42] [Server thread/INFO]: Wheat Growth Modifier: 100%
[16:59:42] [Server thread/INFO]: NetherWart Growth Modifier: 100%
[16:59:42] [Server thread/INFO]: Entity Activation Range: An 32 / Mo 32 / Mi 16
[16:59:42] [Server thread/INFO]: Entity Tracking Range: Pl 48 / An 48 / Mo 48 / Mi 32 / Other 64
[16:59:42] [Server thread/INFO]: Hopper Transfer: 8 Hopper Check: 8 Hopper Amount: 1
[16:59:42] [Server thread/INFO]: Random Lighting Updates: false
[16:59:42] [Server thread/INFO]: Structure Info Saving: true
[16:59:42] [Server thread/INFO]: Sending up to 10 chunks per packet
[16:59:42] [Server thread/INFO]: Max Entity Collisions: 8
[16:59:42] [Server thread/INFO]: Custom Map Seeds:  Village: 10387312 Feature: 14357617
[16:59:42] [Server thread/INFO]: Max TNT Explosions: 100
[16:59:42] [Server thread/INFO]: Tile Max Tick Time: 50ms Entity max Tick Time: 50ms
[16:59:42] [Server thread/INFO]: Item Despawn Rate: 6000
[16:59:42] [Server thread/INFO]: Item Merge Radius: 2.5
[16:59:42] [Server thread/INFO]: Arrow Despawn Rate: 1200
[16:59:42] [Server thread/INFO]: Allow Zombie Pigmen to spawn from portal blocks: true
[16:59:42] [Server thread/INFO]: View Distance: 4
[16:59:42] [Server thread/INFO]: Zombie Aggressive Towards Villager: true
[16:59:42] [Server thread/INFO]: Anti X-Ray: true
[16:59:42] [Server thread/INFO]: 	Engine Mode: 1
[16:59:42] [Server thread/INFO]: 	Hidden Blocks: [14, 15, 16, 21, 48, 49, 54, 56, 73, 74, 82, 129, 130]
[16:59:42] [Server thread/INFO]: 	Replace Blocks: [1, 5]
[16:59:42] [Server thread/INFO]: Chunks to Grow per Tick: 650
[16:59:42] [Server thread/INFO]: Clear tick list: false
[16:59:42] [Server thread/INFO]: Experience Merge Radius: 3.0
[16:59:42] [Server thread/INFO]: -------- World Settings For [world_nether] --------
[16:59:42] [Server thread/INFO]: Max height for cactus growth 3. Max height for reed growth 3
[16:59:42] [Server thread/INFO]: Living Entity Despawn Ranges:  Soft: 32 Hard: 128
[16:59:42] [Server thread/INFO]: Remove invalid mob spawner tile entities: true
[16:59:42] [Server thread/INFO]: Squids will spawn between Y: 45.0 and Y: 63.0
[16:59:42] [Server thread/INFO]: Player blocking damage multiplier set to 0.5
[16:59:42] [Server thread/INFO]: Water over lava flow speed: 5
[16:59:42] [Server thread/INFO]: Fix TNT cannons: false
[16:59:42] [Server thread/INFO]: Allow undead horse types to be leashed: false
[16:59:42] [Server thread/INFO]: Keep spawn chunk loaded: true
[16:59:42] [Server thread/INFO]: World async lighting: false
[16:59:42] [Server thread/INFO]: WorldServer TickNextTick cap set at 10000
[16:59:42] [Server thread/INFO]: WorldServer TickNextTickList cap always processes redstone: false
[16:59:42] [Server thread/INFO]: -------- World Settings For [world_the_end] --------
[16:59:42] [Server thread/INFO]: Mob Spawn Range: 4
[16:59:42] [Server thread/INFO]: Nerfing mobs spawned from spawners: false
[16:59:42] [Server thread/INFO]: Cactus Growth Modifier: 100%
[16:59:42] [Server thread/INFO]: Cane Growth Modifier: 100%
[16:59:42] [Server thread/INFO]: Melon Growth Modifier: 100%
[16:59:42] [Server thread/INFO]: Mushroom Growth Modifier: 100%
[16:59:42] [Server thread/INFO]: Pumpkin Growth Modifier: 100%
[16:59:42] [Server thread/INFO]: Sapling Growth Modifier: 100%
[16:59:42] [Server thread/INFO]: Wheat Growth Modifier: 100%
[16:59:42] [Server thread/INFO]: NetherWart Growth Modifier: 100%
[16:59:42] [Server thread/INFO]: Entity Activation Range: An 32 / Mo 32 / Mi 16
[16:59:42] [Server thread/INFO]: Entity Tracking Range: Pl 48 / An 48 / Mo 48 / Mi 32 / Other 64
[16:59:42] [Server thread/INFO]: Hopper Transfer: 8 Hopper Check: 8 Hopper Amount: 1
[16:59:42] [Server thread/INFO]: Random Lighting Updates: false
[16:59:42] [Server thread/INFO]: Structure Info Saving: true
[16:59:42] [Server thread/INFO]: Sending up to 10 chunks per packet
[16:59:42] [Server thread/INFO]: Max Entity Collisions: 8
[16:59:42] [Server thread/INFO]: Custom Map Seeds:  Village: 10387312 Feature: 14357617
[16:59:42] [Server thread/INFO]: Max TNT Explosions: 100
[16:59:42] [Server thread/INFO]: Tile Max Tick Time: 50ms Entity max Tick Time: 50ms
[16:59:42] [Server thread/INFO]: Item Despawn Rate: 6000
[16:59:42] [Server thread/INFO]: Item Merge Radius: 2.5
[16:59:42] [Server thread/INFO]: Arrow Despawn Rate: 1200
[16:59:42] [Server thread/INFO]: Allow Zombie Pigmen to spawn from portal blocks: true
[16:59:42] [Server thread/INFO]: View Distance: 4
[16:59:42] [Server thread/INFO]: Zombie Aggressive Towards Villager: true
[16:59:42] [Server thread/INFO]: Anti X-Ray: true
[16:59:42] [Server thread/INFO]: 	Engine Mode: 1
[16:59:42] [Server thread/INFO]: 	Hidden Blocks: [14, 15, 16, 21, 48, 49, 54, 56, 73, 74, 82, 129, 130]
[16:59:42] [Server thread/INFO]: 	Replace Blocks: [1, 5]
[16:59:42] [Server thread/INFO]: Chunks to Grow per Tick: 650
[16:59:42] [Server thread/INFO]: Clear tick list: false
[16:59:42] [Server thread/INFO]: Experience Merge Radius: 3.0
[16:59:42] [Server thread/INFO]: -------- World Settings For [world_the_end] --------
[16:59:42] [Server thread/INFO]: Max height for cactus growth 3. Max height for reed growth 3
[16:59:42] [Server thread/INFO]: Living Entity Despawn Ranges:  Soft: 32 Hard: 128
[16:59:42] [Server thread/INFO]: Remove invalid mob spawner tile entities: true
[16:59:42] [Server thread/INFO]: Squids will spawn between Y: 45.0 and Y: 63.0
[16:59:42] [Server thread/INFO]: Player blocking damage multiplier set to 0.5
[16:59:42] [Server thread/INFO]: Water over lava flow speed: 5
[16:59:42] [Server thread/INFO]: Fix TNT cannons: false
[16:59:42] [Server thread/INFO]: Allow undead horse types to be leashed: false
[16:59:42] [Server thread/INFO]: Keep spawn chunk loaded: true
[16:59:42] [Server thread/INFO]: World async lighting: false
[16:59:42] [Server thread/INFO]: WorldServer TickNextTick cap set at 10000
[16:59:42] [Server thread/INFO]: WorldServer TickNextTickList cap always processes redstone: false
[16:59:42] [Server thread/INFO]: Preparing start region for level 0 (Seed: -5553930394922428996)
[16:59:43] [Server thread/INFO]: Preparing spawn area: 44%
[16:59:44] [Server thread/INFO]: Preparing spawn area: 89%
[16:59:45] [Server thread/INFO]: Preparing start region for level 1 (Seed: -5553930394922428996)
[16:59:46] [Server thread/INFO]: Preparing spawn area: 17%
[16:59:47] [Server thread/INFO]: Preparing spawn area: 57%
[16:59:47] [Server thread/INFO]: Preparing start region for level 2 (Seed: -5553930394922428996)
[16:59:48] [Server thread/INFO]: [SimpleTpa] Enabling SimpleTpa v6.4
[16:59:48] [Server thread/INFO]: [0;33;1m[21m[SimpleTpa] If you need support contact me at https://discord.gg/SZUkza9[m

[16:59:48] [Server thread/INFO]: [0;33;1m[21m[SimpleTpa] Simple Tpa has been enabled on version 6.4[m

[16:59:48] [Server thread/INFO]: Enabled metrics. You may opt-out by changing plugins/bStats/config.yml
[16:59:48] [Server thread/INFO]: [WorldEdit] Enabling WorldEdit v6.1;no_git_id
[16:59:48] [Server thread/INFO]: WEPIF: Using the Bukkit Permissions API.
[16:59:48] [Server thread/INFO]: [WorldEdit] Using com.sk89q.worldedit.bukkit.adapter.impl.Spigot_v1_8_R3 as the Bukkit adapter
[16:59:48] [Server thread/INFO]: [freemannlifesteal] Enabling freemannlifesteal v1.0
[16:59:48] [Server thread/INFO]: [LoginSecurity] Enabling LoginSecurity v3.2.0
[16:59:48] [Server thread/INFO]: [LoginSecurity] Loading base translations from "en_us"
[16:59:48] [Server thread/INFO]: [LoginSecurity] Loading specified translations from "en_us"
[16:59:48] [Server thread/INFO]: [LoginSecurity] Registering commands...
[16:59:49] [Server thread/INFO]: [LoginSecurity] Registering listeners...
[16:59:49] [Server thread/INFO]: [CrazyAuctionsPlus] Enabling CrazyAuctionsPlus v1.3.3.0
[16:59:49] [Server thread/INFO]: [CrazyAuctionsPlus] [0;32;1mSystem default language parameter information is loaded.[m

[16:59:49] [Server thread/INFO]: [CrazyAuctionsPlus] [0;32;1mConfiguration file [0;33;1mConfig.yml [0;32;1msuccessfully loaded![m

[16:59:49] [Server thread/INFO]: [CrazyAuctionsPlus] [0;32;1mConfiguration file [0;33;1mDatabase.yml [0;32;1msuccessfully loaded![m

[16:59:49] [Server thread/INFO]: [CrazyAuctionsPlus] [0;32;1mConfiguration file [0;33;1mCategory.yml [0;32;1msuccessfully loaded![m

[16:59:49] [Server thread/INFO]: [CrazyAuctionsPlus] [0;32;1mConfiguration file [0;33;1mItemCollection.yml [0;32;1msuccessfully loaded![m

[16:59:50] [Server thread/INFO]: [CrazyAuctionsPlus] [0;32;1mConfiguration file [0;33;1mMessages.yml [0;32;1msuccessfully loaded![m

[16:59:50] [Server thread/INFO]: [0;33;22m[21mCrazyAuctionsPlus [0;37;1m[21m>>> [0;31;1mVault [0;32;1mfound, Economic system has been initialized.[m

[16:59:50] [Server thread/INFO]: [0;33;22m[21mCrazyAuctionsPlus [0;37;1m[21m>>> [0;32;1mPlugin are enabled! [0;37;22m1661MS.[m

[16:59:50] [Server thread/INFO]: [SimpleHomes] Enabling SimpleHomes v2.2
[16:59:50] [Server thread/INFO]: [WorldGuard] Enabling WorldGuard v6.1.3-SNAPSHOT;c904242
[16:59:50] [Server thread/INFO]: [WorldGuard] Default configuration file written: /workspaces/server-test/server/plugins/WorldGuard/config.yml
[16:59:50] [Server thread/INFO]: [WorldGuard] Default configuration file written: /workspaces/server-test/server/plugins/WorldGuard/worlds/world/config.yml
[16:59:50] [Server thread/INFO]: [WorldGuard] Default configuration file written: /workspaces/server-test/server/plugins/WorldGuard/worlds/world/blacklist.txt
[16:59:50] [Server thread/INFO]: [WorldGuard] (world) TNT ignition is PERMITTED.
[16:59:50] [Server thread/INFO]: [WorldGuard] (world) Lighters are PERMITTED.
[16:59:50] [Server thread/INFO]: [WorldGuard] (world) Lava fire is blocked.
[16:59:50] [Server thread/INFO]: [WorldGuard] (world) Fire spread is UNRESTRICTED.
[16:59:50] [Server thread/INFO]: [WorldGuard] Loaded configuration for world 'world'
[16:59:50] [Server thread/INFO]: [WorldGuard] Default configuration file written: /workspaces/server-test/server/plugins/WorldGuard/worlds/world_nether/config.yml
[16:59:50] [Server thread/INFO]: [WorldGuard] Default configuration file written: /workspaces/server-test/server/plugins/WorldGuard/worlds/world_nether/blacklist.txt
[16:59:50] [Server thread/INFO]: [WorldGuard] (world_nether) TNT ignition is PERMITTED.
[16:59:50] [Server thread/INFO]: [WorldGuard] (world_nether) Lighters are PERMITTED.
[16:59:50] [Server thread/INFO]: [WorldGuard] (world_nether) Lava fire is blocked.
[16:59:50] [Server thread/INFO]: [WorldGuard] (world_nether) Fire spread is UNRESTRICTED.
[16:59:50] [Server thread/INFO]: [WorldGuard] Loaded configuration for world 'world_nether'
[16:59:50] [Server thread/INFO]: [WorldGuard] Default configuration file written: /workspaces/server-test/server/plugins/WorldGuard/worlds/world_the_end/config.yml
[16:59:50] [Server thread/INFO]: [WorldGuard] Default configuration file written: /workspaces/server-test/server/plugins/WorldGuard/worlds/world_the_end/blacklist.txt
[16:59:50] [Server thread/INFO]: [WorldGuard] (world_the_end) TNT ignition is PERMITTED.
[16:59:50] [Server thread/INFO]: [WorldGuard] (world_the_end) Lighters are PERMITTED.
[16:59:50] [Server thread/INFO]: [WorldGuard] (world_the_end) Lava fire is blocked.
[16:59:50] [Server thread/INFO]: [WorldGuard] (world_the_end) Fire spread is UNRESTRICTED.
[16:59:50] [Server thread/INFO]: [WorldGuard] Loaded configuration for world 'world_the_end'
[16:59:50] [Server thread/INFO]: [WorldGuard] Loading region data...
[16:59:50] [Server thread/INFO]: [WorldGuard] Unloading and saving region data that is currently loaded...
[16:59:50] [Server thread/INFO]: [WorldGuard] Loading region data for loaded worlds...
[16:59:51] [Server thread/INFO]: [WorldGuard] Regions saved after UUID migration! This won't happen again unless you change the relevant configuration option in WorldGuard's config.
[16:59:51] [Server thread/INFO]: [Essentials] Enabling Essentials v2.21.0
[16:59:51] [Server thread/INFO]: You are running a server with limited API functionality. EssentialsX will still work, but certain features may be disabled.
[16:59:52] [Server thread/INFO]: Attempting to convert old kits in config.yml to new kits.yml
[16:59:52] [Server thread/INFO]: No kits found to migrate.
[16:59:52] [Server thread/INFO]: Starting Essentials ban format conversion
[16:59:52] [Server thread/INFO]: Found 1 files to convert...
[16:59:52] [Server thread/INFO]: Converted 0/1
[16:59:52] [Server thread/INFO]: Ban format update complete.
[16:59:52] [Server thread/INFO]: Attempting to migrate ignore list to UUIDs
[16:59:52] [Server thread/INFO]: Done converting ignore list.
[16:59:52] [Server thread/INFO]: Attempting to migrate legacy userdata keys to Configurate
[16:59:52] [Server thread/INFO]: Done converting legacy userdata keys to Configurate.
[16:59:52] [Server thread/INFO]: Done converting mail list.
[16:59:52] [Server thread/INFO]: #===========================================================================#
[16:59:52] [Server thread/INFO]:  EssentialsX will now purge any NPC accounts which were incorrectly created.
[16:59:52] [Server thread/INFO]:  Only NPC accounts with the default starting balance will be deleted. If
[16:59:52] [Server thread/INFO]:  they turn out to be valid NPC accounts, they will be re-created as needed.
[16:59:52] [Server thread/INFO]:  Any files deleted here will be backed up to the 
[16:59:52] [Server thread/INFO]:  "plugins/Essentials/userdata-npc-backup" folder. If you notice any files
[16:59:52] [Server thread/INFO]:  have been purged incorrectly, you should restore it from the backup and
[16:59:52] [Server thread/INFO]:  report it to us on GitHub:
[16:59:52] [Server thread/INFO]:  https://github.com/EssentialsX/Essentials/issues/new/choose
[16:59:52] [Server thread/INFO]: 
[16:59:52] [Server thread/INFO]:  NOTE: This is a one-time process and will take several minutes if you have
[16:59:52] [Server thread/INFO]:  a lot of userdata files! If you interrupt this process, EssentialsX will
[16:59:52] [Server thread/INFO]:  skip the process until you rename or remove the backup folder.
[16:59:52] [Server thread/INFO]: #===========================================================================#
[16:59:52] [Server thread/INFO]: Found ~1 files under "plugins/Essentials/userdata"...
[16:59:52] [Server thread/INFO]: #===========================================================================#
[16:59:52] [Server thread/INFO]:  EssentialsX has finished purging NPC accounts.
[16:59:52] [Server thread/INFO]: 
[16:59:52] [Server thread/INFO]:  Deleted accounts: 0
[16:59:52] [Server thread/INFO]:  Total accounts processed: 1
[16:59:52] [Server thread/INFO]: 
[16:59:52] [Server thread/INFO]:  Purged accounts have been backed up to
[16:59:52] [Server thread/INFO]:  "plugins/Essentials/userdata-npc-backup", and can be restored from there
[16:59:52] [Server thread/INFO]:  if needed. Please report any files which have been incorrectly deleted
[16:59:52] [Server thread/INFO]:  to us on GitHub:
[16:59:52] [Server thread/INFO]:  https://github.com/EssentialsX/Essentials/issues/new/choose
[16:59:52] [Server thread/INFO]: #===========================================================================#
[16:59:52] [Server thread/INFO]: Selected Legacy Banner Meta Provider as the provider for BannerDataProvider
[16:59:52] [Server thread/INFO]: Selected Reflection Persistent Data Container Provider as the provider for PersistentDataProvider
[16:59:52] [Server thread/INFO]: No provider found for SerializationProvider, but it is nullable
[16:59:52] [Server thread/INFO]: No provider found for TickCountProvider, but it is nullable
[16:59:52] [Server thread/INFO]: No provider found for SignDataProvider, but it is nullable
[16:59:52] [Server thread/INFO]: Selected Reflection Formatted Command Alias Provider as the provider for FormattedCommandAliasProvider
[16:59:52] [Server thread/INFO]: Selected Legacy InventoryView Abstract Class ABI Provider as the provider for InventoryViewProvider
[16:59:52] [Server thread/INFO]: Selected 1.8 Spawn Egg Provider as the provider for SpawnEggProvider
[16:59:52] [Server thread/INFO]: Selected Reflection Spawner Block Provider as the provider for SpawnerBlockProvider
[16:59:52] [Server thread/INFO]: No provider found for BiomeKeyProvider, but it is nullable
[16:59:52] [Server thread/INFO]: Selected Reflection Sync Commands Provider as the provider for SyncCommandsProvider
[16:59:52] [Server thread/INFO]: Selected Reflection Online Mode Provider as the provider for OnlineModeProvider
[16:59:52] [Server thread/INFO]: Selected Fixed Height World Info Provider as the provider for WorldInfoProvider
[16:59:52] [Server thread/INFO]: Selected Reflection Known Commands Provider as the provider for KnownCommandsProvider
[16:59:52] [Server thread/INFO]: Selected Legacy Item Unbreakable Provider as the provider for ItemUnbreakableProvider
[16:59:52] [Server thread/INFO]: Selected Legacy Damage Event Provider as the provider for DamageEventProvider
[16:59:52] [Server thread/INFO]: Selected 1.8.3+ Spawner Item Provider as the provider for SpawnerItemProvider
[16:59:52] [Server thread/INFO]: No provider found for ContainerProvider, but it is nullable
[16:59:52] [Server thread/INFO]: Selected Reflection Server State Provider as the provider for ServerStateProvider
[16:59:52] [Server thread/INFO]: Selected Legacy 1.8 Potion Meta Provider as the provider for PotionMetaProvider
[16:59:52] [Server thread/INFO]: No provider found for MaterialTagProvider, but it is nullable
[16:59:52] [Server thread/INFO]: Selected Legacy Player Locale Provider as the provider for PlayerLocaleProvider
[16:59:52] [Server thread/INFO]: Loaded 853 items from items.csv.
[16:59:52] [Server thread/INFO]: Using locale en
[16:59:52] [Server thread/INFO]: ServerListPingEvent: Spigot iterator API
[16:59:53] [Server thread/INFO]: Starting Metrics. Opt-out using the global bStats config.
[16:59:53] [Server thread/INFO]: [Vault][Economy] Essentials Economy hooked.
[16:59:53] [Server thread/INFO]: Using superperms-based permissions.
[16:59:53] [Server thread/INFO]: [EssentialsChat] Enabling EssentialsChat v2.21.0
[16:59:53] [Server thread/INFO]: Starting Metrics. Opt-out using the global bStats config.
[16:59:53] [Server thread/INFO]: [EssentialsAntiBuild] Enabling EssentialsAntiBuild v2.21.0
[16:59:53] [Server thread/INFO]: Starting Metrics. Opt-out using the global bStats config.
[16:59:53] [Server thread/INFO]: [EconomyShopGUI] Enabling EconomyShopGUI v6.12.1
[16:59:53] [Server thread/INFO]: [0;30;1m[[0;36;22mEconomyShopGUI[0;30;1m][m [0;30;1m[[0;37;22mINFO[0;30;1m][m: Using lang-en.yml as language file.[m

[16:59:53] [Server thread/INFO]: [0;30;1m[[0;36;22mEconomyShopGUI[0;30;1m][m [0;30;1m[[0;37;22mINFO[0;30;1m][m: Completed loading 16 section configs from /sections/[m

[16:59:53] [Server thread/INFO]: [0;30;1m[[0;36;22mEconomyShopGUI[0;30;1m][m [0;30;1m[[0;37;22mINFO[0;30;1m][m: Default shops layout compatible with 18 created at /workspaces/server-test/server/plugins/EconomyShopGUI/shops[m

[16:59:53] [Server thread/INFO]: [0;30;1m[[0;36;22mEconomyShopGUI[0;30;1m][m [0;30;1m[[0;37;22mINFO[0;30;1m][m: Completed loading 16 shop configs from /shops/[m

[16:59:53] [Server thread/INFO]: [0;30;1m[[0;36;22mEconomyShopGUI[0;30;1m][m [0;30;1m[[0;37;22mINFO[0;30;1m][m: Updating Shop settings...[m

[16:59:53] [Server thread/INFO]: [0;30;1m[[0;36;22mEconomyShopGUI[0;30;1m][m [0;30;1m[[0;37;22mINFO[0;30;1m][m: Successfully hooked into Vault and using EssentialsX Economy as economy provider[m

[16:59:53] [Server thread/INFO]: [0;30;1m[[0;36;22mEconomyShopGUI[0;30;1m][m [0;30;1m[[0;37;22mINFO[0;30;1m][m: Completed loading 1 economy provider(s) for all 14 shop sections.[m

[16:59:53] [Server thread/INFO]: [0;30;1m[[0;36;22mEconomyShopGUI[0;30;1m][m [0;30;1m[[0;37;22mINFO[0;30;1m][m: Using minecraft version 1.8.8...[m

[16:59:53] [Server thread/INFO]: [0;30;1m[[0;36;22mEconomyShopGUI[0;30;1m][m [0;30;1m[[0;37;22mINFO[0;30;1m][m: Spawner provider set to AUTO in config[m

[16:59:53] [Server thread/INFO]: [0;30;1m[[0;36;22mEconomyShopGUI[0;30;1m][m [0;30;1m[[0;37;22mINFO[0;30;1m][m: Automatically searching for compatible spawner provider....[m

[16:59:53] [Server thread/INFO]: [0;30;1m[[0;36;22mEconomyShopGUI[0;30;1m][m [0;30;1m[[0;37;22mINFO[0;30;1m][m: Failed to automatically find compatible spawner provider, using default...[m

[16:59:53] [Server thread/INFO]: [0;30;1m[[0;36;22mEconomyShopGUI[0;30;1m][m [0;30;1m[[0;33;22mDEBUG[0;30;1m][m: This item material is not supported in this minecraft version.[m

[16:59:53] [Server thread/INFO]: [0;30;1m[[0;36;22mEconomyShopGUI[0;30;1m][m [0;30;1m[[0;31;1mWARN[0;30;1m][m: Item path in config.yml: spawner-break-tools.3[m

[16:59:53] [Server thread/INFO]: [0;30;1m[[0;36;22mEconomyShopGUI[0;30;1m][m [0;30;1m[[0;37;22mINFO[0;30;1m][m: Debug mode is enabled.[m

[16:59:53] [Server thread/INFO]: [0;30;1m[[0;36;22mEconomyShopGUI[0;30;1m][m [0;30;1m[[0;37;22mINFO[0;30;1m][m: Loading all items...[m

[16:59:53] [Server thread/INFO]: [0;30;1m[[0;36;22mEconomyShopGUI[0;30;1m][m [0;30;1m[[0;31;1mWARN[0;30;1m][m: Failed to migrate database to new format for TRANSACTIONS_4_2025[m

[16:59:53] [Server thread/WARN]: java.sql.SQLException: query does not return ResultSet

[16:59:53] [Server thread/WARN]: 	at org.sqlite.Stmt.executeQuery(Stmt.java:124)

[16:59:53] [Server thread/WARN]: 	at me.gypopo.economyshopgui.files.TransactionLog$Database.checkTableConstraints(TransactionLog.java:704)

[16:59:53] [Server thread/WARN]: 	at me.gypopo.economyshopgui.files.TransactionLog$Database.connect(TransactionLog.java:687)

[16:59:53] [Server thread/WARN]: 	at me.gypopo.economyshopgui.files.TransactionLog$Database.<init>(TransactionLog.java:677)

[16:59:53] [Server thread/WARN]: 	at me.gypopo.economyshopgui.files.TransactionLog.setup(TransactionLog.java:64)

[16:59:53] [Server thread/WARN]: 	at me.gypopo.economyshopgui.methodes.SendMessage.init(SendMessage.java:57)

[16:59:53] [Server thread/WARN]: 	at me.gypopo.economyshopgui.methodes.StartupReload.loadItems(StartupReload.java:146)

[16:59:53] [Server thread/WARN]: 	at me.gypopo.economyshopgui.EconomyShopGUI.onEnable(EconomyShopGUI.java:199)

[16:59:53] [Server thread/WARN]: 	at org.bukkit.plugin.java.JavaPlugin.setEnabled(JavaPlugin.java:321)

[16:59:53] [Server thread/WARN]: 	at org.bukkit.plugin.java.JavaPluginLoader.enablePlugin(JavaPluginLoader.java:332)

[16:59:53] [Server thread/WARN]: 	at org.bukkit.plugin.SimplePluginManager.enablePlugin(SimplePluginManager.java:407)

[16:59:53] [Server thread/WARN]: 	at org.bukkit.craftbukkit.v1_8_R3.CraftServer.loadPlugin(CraftServer.java:359)

[16:59:53] [Server thread/WARN]: 	at org.bukkit.craftbukkit.v1_8_R3.CraftServer.enablePlugins(CraftServer.java:318)

[16:59:53] [Server thread/WARN]: 	at net.minecraft.server.v1_8_R3.MinecraftServer.s(MinecraftServer.java:408)

[16:59:53] [Server thread/WARN]: 	at net.minecraft.server.v1_8_R3.MinecraftServer.k(MinecraftServer.java:372)

[16:59:53] [Server thread/WARN]: 	at net.minecraft.server.v1_8_R3.MinecraftServer.a(MinecraftServer.java:327)

[16:59:53] [Server thread/WARN]: 	at net.minecraft.server.v1_8_R3.DedicatedServer.init(DedicatedServer.java:267)

[16:59:53] [Server thread/WARN]: 	at net.minecraft.server.v1_8_R3.MinecraftServer.run(MinecraftServer.java:563)

[16:59:53] [Server thread/WARN]: 	at java.base/java.lang.Thread.run(Thread.java:1583)

[16:59:53] [Server thread/INFO]: [0;30;1m[[0;36;22mEconomyShopGUI[0;30;1m][m [0;30;1m[[0;37;22mINFO[0;30;1m][m: Initialized - Took 662ms to complete[m

[16:59:53] [Server thread/INFO]: [EssentialsSpawn] Enabling EssentialsSpawn v2.21.0
[16:59:53] [Server thread/INFO]: Starting Metrics. Opt-out using the global bStats config.
[16:59:53] [Server thread/INFO]: [EssentialsProtect] Enabling EssentialsProtect v2.21.0
[16:59:53] [Server thread/INFO]: Continuing to enable Protect.
[16:59:53] [Server thread/INFO]: Starting Metrics. Opt-out using the global bStats config.
[16:59:53] [Server thread/INFO]: Server permissions file permissions.yml is empty, ignoring it
[16:59:54] [Server thread/INFO]: Done (11.676s)! For help, type "help" or "?"
[16:59:54] [Server thread/INFO]: Timings Reset
[16:59:54] [Server thread/INFO]: Essentials found a compatible payment resolution method: Vault Compatibility Layer (v1.5.6-b49)!
[16:59:54] [Craft Scheduler Thread - 3/INFO]: [Vault] Checking for Updates ... 
[16:59:54] [Craft Scheduler Thread - 1/INFO]: ยง6Fetching version information...
[16:59:54] [Craft Scheduler Thread - 3/WARN]: [Vault] Stable Version: 1.7.3 is out! You are still running version: 1.5.6
[16:59:54] [Craft Scheduler Thread - 3/WARN]: [Vault] Update at: http://dev.bukkit.org/server-mods/vault
[16:59:54] [Craft Scheduler Thread - 2/INFO]: [0;31;1m[21m[SimpleTpa] There is a new update available.[m

[16:59:54] [Craft Scheduler Thread - 2/INFO]: [0;31;1m[SimpleTpa] There is a new update available:[m

[16:59:54] [Craft Scheduler Thread - 2/INFO]: [0;31;1m[SimpleTpa] https://www.spigotmc.org/resources/simple-tpa.64270/[m

[17:01:04] [Thread-12/INFO]: UUID of player JBOSS_64 is 201618bc-276a-3445-afc8-f85240e7aa86
[17:01:04] [Server thread/INFO]: JBOSS_64[/[0:0:0:0:0:0:0:1]:34716] logged in with entity id 377 at ([world]-111.47118793734882, 64.0, 159.5772683263035)
[17:01:30] [Server thread/INFO]: JBOSS_64 issued server command: /gamemode 0
[17:01:36] [Server thread/INFO]: JBOSS_64 issued server command: /shop
[17:01:49] [Server thread/INFO]: Unknown command. Type "/help" for help.[m

[17:03:29] [Server thread/INFO]: JBOSS_64 lost connection: Disconnected
[17:03:29] [Server thread/INFO]: JBOSS_64 left the game.
[17:04:07] [Thread-14/INFO]: UUID of player JBOSS_64 is 201618bc-276a-3445-afc8-f85240e7aa86
[17:04:07] [Server thread/INFO]: JBOSS_64[/[0:0:0:0:0:0:0:1]:59272] logged in with entity id 565 at ([world]-111.47118793734882, 64.0, 159.5772683263035)
[17:05:26] [Server thread/INFO]: JBOSS_64 lost connection: Disconnected
[17:05:26] [Server thread/INFO]: JBOSS_64 left the game.
[17:07:04] [Thread-17/INFO]: UUID of player JBOSS_64 is 201618bc-276a-3445-afc8-f85240e7aa86
[17:07:04] [Server thread/INFO]: JBOSS_64[/[0:0:0:0:0:0:0:1]:50868] logged in with entity id 774 at ([world]-112.61424818552406, 64.0, 159.54375078715083)
[17:07:17] [Server thread/INFO]: JBOSS_64 lost connection: Disconnected
[17:07:17] [Server thread/INFO]: JBOSS_64 left the game.
[17:07:40] [Thread-19/INFO]: UUID of player JBOSS_64 is 201618bc-276a-3445-afc8-f85240e7aa86
[17:07:40] [Server thread/INFO]: JBOSS_64[/[0:0:0:0:0:0:0:1]:46180] logged in with entity id 839 at ([world]-112.61424818552406, 64.0, 159.54375078715083)
[17:07:48] [Server thread/INFO]: JBOSS_64 lost connection: Disconnected
[17:07:48] [Server thread/INFO]: JBOSS_64 left the game.
[17:11:33] [Thread-21/INFO]: UUID of player JBOSS_64 is 201618bc-276a-3445-afc8-f85240e7aa86
[17:11:33] [Server thread/INFO]: JBOSS_64[/[0:0:0:0:0:0:0:1]:49596] logged in with entity id 905 at ([world]-112.61424818552406, 64.0, 159.54375078715083)
[17:11:53] [Server thread/INFO]: JBOSS_64 issued server command: /time day
[17:12:03] [Server thread/INFO]: JBOSS_64 issued server command: /giveheart
[17:12:11] [Server thread/INFO]: JBOSS_64 issued server command: /giveheart 20
[17:12:13] [Server thread/INFO]: JBOSS_64 issued server command: /giveheart 20
[17:12:16] [Server thread/INFO]: JBOSS_64 issued server command: /giveheart 20
[17:12:18] [Server thread/INFO]: JBOSS_64 issued server command: /giveheart 20
[17:12:19] [Server thread/INFO]: JBOSS_64 issued server command: /giveheart 20
[17:12:20] [Server thread/INFO]: JBOSS_64 issued server command: /giveheart 20
[17:12:21] [Server thread/INFO]: JBOSS_64 issued server command: /giveheart 20
[17:12:23] [Server thread/INFO]: JBOSS_64 issued server command: /giveheart 20
[17:12:26] [Server thread/INFO]: JBOSS_64 issued server command: /giveheart 20
[17:12:28] [Server thread/INFO]: JBOSS_64 issued server command: /giveheart 20
[17:12:36] [Server thread/INFO]: JBOSS_64 issued server command: /shop
